<?xml version="1.0" encoding="UTF-8"?>
<testsuite name="com.rewe.customerbookingservice.services.impl.BookingServiceImplTest" tests="5" skipped="0" failures="0" errors="0" timestamp="2025-07-07T14:12:17.751Z" hostname="YKFJ27QFLX" time="0.013">
  <properties/>
  <testcase name="findAllBookings_shouldReturnListOfBookingDTOs()" classname="com.rewe.customerbookingservice.services.impl.BookingServiceImplTest" time="0.002"/>
  <testcase name="findBookingById_shouldReturnBookingDTO_whenBookingExists()" classname="com.rewe.customerbookingservice.services.impl.BookingServiceImplTest" time="0.002"/>
  <testcase name="updateBooking_shouldReturnUpdatedBookingDTO_whenBookingExists()" classname="com.rewe.customerbookingservice.services.impl.BookingServiceImplTest" time="0.002"/>
  <testcase name="saveBooking_shouldReturnSavedBookingDTO_whenBookingIsValid()" classname="com.rewe.customerbookingservice.services.impl.BookingServiceImplTest" time="0.003"/>
  <testcase name="deleteBooking_shouldReturnTrue_whenBookingIsDeleted()" classname="com.rewe.customerbookingservice.services.impl.BookingServiceImplTest" time="0.001"/>
  <system-out><![CDATA[]]></system-out>
  <system-err><![CDATA[]]></system-err>
</testsuite>
