<?xml version="1.0" encoding="UTF-8"?>
<testsuite name="com.rewe.customerbookingservice.services.impl.BrandServiceImplTest" tests="5" skipped="0" failures="0" errors="0" timestamp="2025-07-07T14:12:17.765Z" hostname="YKFJ27QFLX" time="0.109">
  <properties/>
  <testcase name="findBrandById_shouldReturnBrandDTO_whenBrandExists()" classname="com.rewe.customerbookingservice.services.impl.BrandServiceImplTest" time="0.098"/>
  <testcase name="findAllBrands_shouldReturnListOfBrandDTOs()" classname="com.rewe.customerbookingservice.services.impl.BrandServiceImplTest" time="0.003"/>
  <testcase name="updateBrand_shouldReturnUpdatedBrandDTO_whenBrandExists()" classname="com.rewe.customerbookingservice.services.impl.BrandServiceImplTest" time="0.002"/>
  <testcase name="deleteBrand_shouldReturnTrue_whenBrandIsDeleted()" classname="com.rewe.customerbookingservice.services.impl.BrandServiceImplTest" time="0.002"/>
  <testcase name="saveBrand_shouldReturnSavedBrandDTO_whenBrandIsValid()" classname="com.rewe.customerbookingservice.services.impl.BrandServiceImplTest" time="0.002"/>
  <system-out><![CDATA[]]></system-out>
  <system-err><![CDATA[]]></system-err>
</testsuite>
