<?xml version="1.0" encoding="UTF-8"?>
<testsuite name="com.rewe.customerbookingservice.integration.services.BrandServiceImplIntegrationTest" tests="5" skipped="0" failures="0" errors="0" timestamp="2025-07-07T14:12:17.513Z" hostname="YKFJ27QFLX" time="0.083">
  <properties/>
  <testcase name="updateBrand_shouldUpdateAndReturnBrandDTO_whenBrandExists()" classname="com.rewe.customerbookingservice.integration.services.BrandServiceImplIntegrationTest" time="0.024"/>
  <testcase name="findBrandById_shouldReturnBrandDTO_whenBrandExists()" classname="com.rewe.customerbookingservice.integration.services.BrandServiceImplIntegrationTest" time="0.015"/>
  <testcase name="findAllBrands_shouldReturnListOfBrandDTOs()" classname="com.rewe.customerbookingservice.integration.services.BrandServiceImplIntegrationTest" time="0.018"/>
  <testcase name="deleteBrand_shouldRemoveBrand()" classname="com.rewe.customerbookingservice.integration.services.BrandServiceImplIntegrationTest" time="0.015"/>
  <testcase name="saveBrand_shouldSaveAndReturnBrandDTO()" classname="com.rewe.customerbookingservice.integration.services.BrandServiceImplIntegrationTest" time="0.008"/>
  <system-out><![CDATA[2025-07-07T17:12:17.509+03:00  INFO 88501 --- [    Test worker] t.c.s.AnnotationConfigContextLoaderUtils : Could not detect default configuration classes for test class [com.rewe.customerbookingservice.integration.services.BrandServiceImplIntegrationTest]: BrandServiceImplIntegrationTest does not declare any static, non-private, non-final, nested classes annotated with @Configuration.
2025-07-07T17:12:17.512+03:00  INFO 88501 --- [    Test worker] .b.t.c.SpringBootTestContextBootstrapper : Found @SpringBootConfiguration com.rewe.customerbookingservice.CustomerBookingServiceApplication for test class com.rewe.customerbookingservice.integration.services.BrandServiceImplIntegrationTest
2025-07-07T17:12:17.515+03:00 DEBUG 88501 --- [    Test worker] org.hibernate.SQL                        : 
    insert 
    into
        brand
        (address, created, name, short_code, updated) 
    values
        (?, ?, ?, ?, ?)
2025-07-07T17:12:17.515+03:00 TRACE 88501 --- [    Test worker] org.hibernate.orm.jdbc.bind              : binding parameter (1:VARCHAR) <- [null]
2025-07-07T17:12:17.515+03:00 TRACE 88501 --- [    Test worker] org.hibernate.orm.jdbc.bind              : binding parameter (2:TIMESTAMP_UTC) <- [2025-07-07T14:12:17.515353Z]
2025-07-07T17:12:17.515+03:00 TRACE 88501 --- [    Test worker] org.hibernate.orm.jdbc.bind              : binding parameter (3:VARCHAR) <- [Initial Brand]
2025-07-07T17:12:17.515+03:00 TRACE 88501 --- [    Test worker] org.hibernate.orm.jdbc.bind              : binding parameter (4:VARCHAR) <- [null]
2025-07-07T17:12:17.515+03:00 TRACE 88501 --- [    Test worker] org.hibernate.orm.jdbc.bind              : binding parameter (5:TIMESTAMP_UTC) <- [2025-07-07T14:12:17.515358Z]
2025-07-07T17:12:17.525+03:00 DEBUG 88501 --- [    Test worker] org.hibernate.SQL                        : 
    select
        b1_0.id,
        b1_0.address,
        b1_0.created,
        b1_0.name,
        b1_0.short_code,
        b1_0.updated 
    from
        brand b1_0 
    where
        b1_0.id=?
2025-07-07T17:12:17.525+03:00 TRACE 88501 --- [    Test worker] org.hibernate.orm.jdbc.bind              : binding parameter (1:BIGINT) <- [12]
2025-07-07T17:12:17.527+03:00 DEBUG 88501 --- [    Test worker] org.hibernate.SQL                        : 
    update
        brand 
    set
        address=?,
        created=?,
        name=?,
        short_code=?,
        updated=? 
    where
        id=?
2025-07-07T17:12:17.528+03:00 TRACE 88501 --- [    Test worker] org.hibernate.orm.jdbc.bind              : binding parameter (1:VARCHAR) <- [null]
2025-07-07T17:12:17.528+03:00 TRACE 88501 --- [    Test worker] org.hibernate.orm.jdbc.bind              : binding parameter (2:TIMESTAMP_UTC) <- [2025-07-07T14:12:17.515353Z]
2025-07-07T17:12:17.528+03:00 TRACE 88501 --- [    Test worker] org.hibernate.orm.jdbc.bind              : binding parameter (3:VARCHAR) <- [Updated Brand]
2025-07-07T17:12:17.528+03:00 TRACE 88501 --- [    Test worker] org.hibernate.orm.jdbc.bind              : binding parameter (4:VARCHAR) <- [null]
2025-07-07T17:12:17.528+03:00 TRACE 88501 --- [    Test worker] org.hibernate.orm.jdbc.bind              : binding parameter (5:TIMESTAMP_UTC) <- [2025-07-07T14:12:17.527794Z]
2025-07-07T17:12:17.528+03:00 TRACE 88501 --- [    Test worker] org.hibernate.orm.jdbc.bind              : binding parameter (6:BIGINT) <- [12]
2025-07-07T17:12:17.531+03:00 DEBUG 88501 --- [    Test worker] org.hibernate.SQL                        : 
    select
        b1_0.id,
        b1_0.address,
        b1_0.created,
        b1_0.name,
        b1_0.short_code,
        b1_0.updated 
    from
        brand b1_0 
    where
        b1_0.id=?
2025-07-07T17:12:17.531+03:00 TRACE 88501 --- [    Test worker] org.hibernate.orm.jdbc.bind              : binding parameter (1:BIGINT) <- [12]
2025-07-07T17:12:17.535+03:00  INFO 88501 --- [    Test worker] o.s.test.jdbc.JdbcTestUtils              : Deleted 0 rows from table customer
2025-07-07T17:12:17.536+03:00  INFO 88501 --- [    Test worker] o.s.test.jdbc.JdbcTestUtils              : Deleted 0 rows from table booking
2025-07-07T17:12:17.537+03:00  INFO 88501 --- [    Test worker] o.s.test.jdbc.JdbcTestUtils              : Deleted 1 rows from table brand
2025-07-07T17:12:17.540+03:00 DEBUG 88501 --- [    Test worker] org.hibernate.SQL                        : 
    insert 
    into
        brand
        (address, created, name, short_code, updated) 
    values
        (?, ?, ?, ?, ?)
2025-07-07T17:12:17.540+03:00 TRACE 88501 --- [    Test worker] org.hibernate.orm.jdbc.bind              : binding parameter (1:VARCHAR) <- [null]
2025-07-07T17:12:17.540+03:00 TRACE 88501 --- [    Test worker] org.hibernate.orm.jdbc.bind              : binding parameter (2:TIMESTAMP_UTC) <- [2025-07-07T14:12:17.540164Z]
2025-07-07T17:12:17.540+03:00 TRACE 88501 --- [    Test worker] org.hibernate.orm.jdbc.bind              : binding parameter (3:VARCHAR) <- [Brand B]
2025-07-07T17:12:17.540+03:00 TRACE 88501 --- [    Test worker] org.hibernate.orm.jdbc.bind              : binding parameter (4:VARCHAR) <- [null]
2025-07-07T17:12:17.540+03:00 TRACE 88501 --- [    Test worker] org.hibernate.orm.jdbc.bind              : binding parameter (5:TIMESTAMP_UTC) <- [2025-07-07T14:12:17.540168Z]
2025-07-07T17:12:17.546+03:00 DEBUG 88501 --- [    Test worker] org.hibernate.SQL                        : 
    select
        b1_0.id,
        b1_0.address,
        b1_0.created,
        b1_0.name,
        b1_0.short_code,
        b1_0.updated 
    from
        brand b1_0 
    where
        b1_0.id=?
2025-07-07T17:12:17.546+03:00 TRACE 88501 --- [    Test worker] org.hibernate.orm.jdbc.bind              : binding parameter (1:BIGINT) <- [13]
2025-07-07T17:12:17.549+03:00  INFO 88501 --- [    Test worker] o.s.test.jdbc.JdbcTestUtils              : Deleted 0 rows from table customer
2025-07-07T17:12:17.551+03:00  INFO 88501 --- [    Test worker] o.s.test.jdbc.JdbcTestUtils              : Deleted 0 rows from table booking
2025-07-07T17:12:17.553+03:00  INFO 88501 --- [    Test worker] o.s.test.jdbc.JdbcTestUtils              : Deleted 1 rows from table brand
2025-07-07T17:12:17.556+03:00 DEBUG 88501 --- [    Test worker] org.hibernate.SQL                        : 
    insert 
    into
        brand
        (address, created, name, short_code, updated) 
    values
        (?, ?, ?, ?, ?)
2025-07-07T17:12:17.556+03:00 TRACE 88501 --- [    Test worker] org.hibernate.orm.jdbc.bind              : binding parameter (1:VARCHAR) <- [null]
2025-07-07T17:12:17.556+03:00 TRACE 88501 --- [    Test worker] org.hibernate.orm.jdbc.bind              : binding parameter (2:TIMESTAMP_UTC) <- [2025-07-07T14:12:17.556086Z]
2025-07-07T17:12:17.556+03:00 TRACE 88501 --- [    Test worker] org.hibernate.orm.jdbc.bind              : binding parameter (3:VARCHAR) <- [Brand X]
2025-07-07T17:12:17.556+03:00 TRACE 88501 --- [    Test worker] org.hibernate.orm.jdbc.bind              : binding parameter (4:VARCHAR) <- [null]
2025-07-07T17:12:17.556+03:00 TRACE 88501 --- [    Test worker] org.hibernate.orm.jdbc.bind              : binding parameter (5:TIMESTAMP_UTC) <- [2025-07-07T14:12:17.556088Z]
2025-07-07T17:12:17.562+03:00 DEBUG 88501 --- [    Test worker] org.hibernate.SQL                        : 
    insert 
    into
        brand
        (address, created, name, short_code, updated) 
    values
        (?, ?, ?, ?, ?)
2025-07-07T17:12:17.562+03:00 TRACE 88501 --- [    Test worker] org.hibernate.orm.jdbc.bind              : binding parameter (1:VARCHAR) <- [null]
2025-07-07T17:12:17.562+03:00 TRACE 88501 --- [    Test worker] org.hibernate.orm.jdbc.bind              : binding parameter (2:TIMESTAMP_UTC) <- [2025-07-07T14:12:17.561988Z]
2025-07-07T17:12:17.562+03:00 TRACE 88501 --- [    Test worker] org.hibernate.orm.jdbc.bind              : binding parameter (3:VARCHAR) <- [Brand Y]
2025-07-07T17:12:17.562+03:00 TRACE 88501 --- [    Test worker] org.hibernate.orm.jdbc.bind              : binding parameter (4:VARCHAR) <- [null]
2025-07-07T17:12:17.562+03:00 TRACE 88501 --- [    Test worker] org.hibernate.orm.jdbc.bind              : binding parameter (5:TIMESTAMP_UTC) <- [2025-07-07T14:12:17.561994Z]
2025-07-07T17:12:17.565+03:00 DEBUG 88501 --- [    Test worker] org.hibernate.SQL                        : 
    select
        b1_0.id,
        b1_0.address,
        b1_0.created,
        b1_0.name,
        b1_0.short_code,
        b1_0.updated 
    from
        brand b1_0
2025-07-07T17:12:17.570+03:00  INFO 88501 --- [    Test worker] o.s.test.jdbc.JdbcTestUtils              : Deleted 0 rows from table customer
2025-07-07T17:12:17.571+03:00  INFO 88501 --- [    Test worker] o.s.test.jdbc.JdbcTestUtils              : Deleted 0 rows from table booking
2025-07-07T17:12:17.571+03:00  INFO 88501 --- [    Test worker] o.s.test.jdbc.JdbcTestUtils              : Deleted 2 rows from table brand
2025-07-07T17:12:17.575+03:00 DEBUG 88501 --- [    Test worker] org.hibernate.SQL                        : 
    insert 
    into
        brand
        (address, created, name, short_code, updated) 
    values
        (?, ?, ?, ?, ?)
2025-07-07T17:12:17.575+03:00 TRACE 88501 --- [    Test worker] org.hibernate.orm.jdbc.bind              : binding parameter (1:VARCHAR) <- [null]
2025-07-07T17:12:17.575+03:00 TRACE 88501 --- [    Test worker] org.hibernate.orm.jdbc.bind              : binding parameter (2:TIMESTAMP_UTC) <- [2025-07-07T14:12:17.574998Z]
2025-07-07T17:12:17.575+03:00 TRACE 88501 --- [    Test worker] org.hibernate.orm.jdbc.bind              : binding parameter (3:VARCHAR) <- [Brand Z]
2025-07-07T17:12:17.575+03:00 TRACE 88501 --- [    Test worker] org.hibernate.orm.jdbc.bind              : binding parameter (4:VARCHAR) <- [null]
2025-07-07T17:12:17.575+03:00 TRACE 88501 --- [    Test worker] org.hibernate.orm.jdbc.bind              : binding parameter (5:TIMESTAMP_UTC) <- [2025-07-07T14:12:17.575002Z]
2025-07-07T17:12:17.578+03:00 DEBUG 88501 --- [    Test worker] org.hibernate.SQL                        : 
    select
        b1_0.id,
        b1_0.address,
        b1_0.created,
        b1_0.name,
        b1_0.short_code,
        b1_0.updated 
    from
        brand b1_0 
    where
        b1_0.id=?
2025-07-07T17:12:17.578+03:00 TRACE 88501 --- [    Test worker] org.hibernate.orm.jdbc.bind              : binding parameter (1:BIGINT) <- [16]
2025-07-07T17:12:17.580+03:00 DEBUG 88501 --- [    Test worker] org.hibernate.SQL                        : 
    delete 
    from
        brand 
    where
        id=?
2025-07-07T17:12:17.580+03:00 TRACE 88501 --- [    Test worker] org.hibernate.orm.jdbc.bind              : binding parameter (1:BIGINT) <- [16]
2025-07-07T17:12:17.581+03:00 DEBUG 88501 --- [    Test worker] org.hibernate.SQL                        : 
    select
        count(*) 
    from
        brand b1_0 
    where
        b1_0.id=?
2025-07-07T17:12:17.581+03:00 TRACE 88501 --- [    Test worker] org.hibernate.orm.jdbc.bind              : binding parameter (1:BIGINT) <- [16]
2025-07-07T17:12:17.583+03:00 DEBUG 88501 --- [    Test worker] org.hibernate.SQL                        : 
    select
        b1_0.id,
        b1_0.address,
        b1_0.created,
        b1_0.name,
        b1_0.short_code,
        b1_0.updated 
    from
        brand b1_0 
    where
        b1_0.id=?
2025-07-07T17:12:17.583+03:00 TRACE 88501 --- [    Test worker] org.hibernate.orm.jdbc.bind              : binding parameter (1:BIGINT) <- [16]
2025-07-07T17:12:17.585+03:00  INFO 88501 --- [    Test worker] o.s.test.jdbc.JdbcTestUtils              : Deleted 0 rows from table customer
2025-07-07T17:12:17.586+03:00  INFO 88501 --- [    Test worker] o.s.test.jdbc.JdbcTestUtils              : Deleted 0 rows from table booking
2025-07-07T17:12:17.587+03:00  INFO 88501 --- [    Test worker] o.s.test.jdbc.JdbcTestUtils              : Deleted 0 rows from table brand
2025-07-07T17:12:17.590+03:00 DEBUG 88501 --- [    Test worker] org.hibernate.SQL                        : 
    insert 
    into
        brand
        (address, created, name, short_code, updated) 
    values
        (?, ?, ?, ?, ?)
2025-07-07T17:12:17.590+03:00 TRACE 88501 --- [    Test worker] org.hibernate.orm.jdbc.bind              : binding parameter (1:VARCHAR) <- [null]
2025-07-07T17:12:17.590+03:00 TRACE 88501 --- [    Test worker] org.hibernate.orm.jdbc.bind              : binding parameter (2:TIMESTAMP_UTC) <- [2025-07-07T14:12:17.590214Z]
2025-07-07T17:12:17.590+03:00 TRACE 88501 --- [    Test worker] org.hibernate.orm.jdbc.bind              : binding parameter (3:VARCHAR) <- [Brand A]
2025-07-07T17:12:17.590+03:00 TRACE 88501 --- [    Test worker] org.hibernate.orm.jdbc.bind              : binding parameter (4:VARCHAR) <- [null]
2025-07-07T17:12:17.590+03:00 TRACE 88501 --- [    Test worker] org.hibernate.orm.jdbc.bind              : binding parameter (5:TIMESTAMP_UTC) <- [2025-07-07T14:12:17.590218Z]
2025-07-07T17:12:17.594+03:00  INFO 88501 --- [    Test worker] o.s.test.jdbc.JdbcTestUtils              : Deleted 0 rows from table customer
2025-07-07T17:12:17.595+03:00  INFO 88501 --- [    Test worker] o.s.test.jdbc.JdbcTestUtils              : Deleted 0 rows from table booking
2025-07-07T17:12:17.596+03:00  INFO 88501 --- [    Test worker] o.s.test.jdbc.JdbcTestUtils              : Deleted 1 rows from table brand
]]></system-out>
  <system-err><![CDATA[]]></system-err>
</testsuite>
