<?xml version="1.0" encoding="UTF-8"?>
<testsuite name="com.rewe.customerbookingservice.integration.services.CustomerServiceImplIntegrationTest" tests="5" skipped="0" failures="0" errors="0" timestamp="2025-07-07T14:12:17.601Z" hostname="YKFJ27QFLX" time="0.089">
  <properties/>
  <testcase name="findAllCustomers_shouldReturnListOfCustomerDTOs()" classname="com.rewe.customerbookingservice.integration.services.CustomerServiceImplIntegrationTest" time="0.014"/>
  <testcase name="findCustomerById_shouldReturnCustomerDTO_whenCustomerExists()" classname="com.rewe.customerbookingservice.integration.services.CustomerServiceImplIntegrationTest" time="0.016"/>
  <testcase name="updateCustomer_shouldUpdateAndReturnCustomerDTO_whenCustomerExists()" classname="com.rewe.customerbookingservice.integration.services.CustomerServiceImplIntegrationTest" time="0.019"/>
  <testcase name="deleteCustomer_shouldRemoveCustomer()" classname="com.rewe.customerbookingservice.integration.services.CustomerServiceImplIntegrationTest" time="0.024"/>
  <testcase name="saveCustomer_shouldSaveAndReturnCustomerDTO()" classname="com.rewe.customerbookingservice.integration.services.CustomerServiceImplIntegrationTest" time="0.015"/>
  <system-out><![CDATA[2025-07-07T17:12:17.598+03:00  INFO 88501 --- [    Test worker] t.c.s.AnnotationConfigContextLoaderUtils : Could not detect default configuration classes for test class [com.rewe.customerbookingservice.integration.services.CustomerServiceImplIntegrationTest]: CustomerServiceImplIntegrationTest does not declare any static, non-private, non-final, nested classes annotated with @Configuration.
2025-07-07T17:12:17.601+03:00  INFO 88501 --- [    Test worker] .b.t.c.SpringBootTestContextBootstrapper : Found @SpringBootConfiguration com.rewe.customerbookingservice.CustomerBookingServiceApplication for test class com.rewe.customerbookingservice.integration.services.CustomerServiceImplIntegrationTest
2025-07-07T17:12:17.603+03:00 DEBUG 88501 --- [    Test worker] org.hibernate.SQL                        : 
    insert 
    into
        customer
        (active, age, created, email, name, updated) 
    values
        (?, ?, ?, ?, ?, ?)
2025-07-07T17:12:17.603+03:00 TRACE 88501 --- [    Test worker] org.hibernate.orm.jdbc.bind              : binding parameter (1:BOOLEAN) <- [false]
2025-07-07T17:12:17.603+03:00 TRACE 88501 --- [    Test worker] org.hibernate.orm.jdbc.bind              : binding parameter (2:INTEGER) <- [0]
2025-07-07T17:12:17.603+03:00 TRACE 88501 --- [    Test worker] org.hibernate.orm.jdbc.bind              : binding parameter (3:TIMESTAMP_UTC) <- [2025-07-07T14:12:17.603352Z]
2025-07-07T17:12:17.603+03:00 TRACE 88501 --- [    Test worker] org.hibernate.orm.jdbc.bind              : binding parameter (4:VARCHAR) <- [null]
2025-07-07T17:12:17.603+03:00 TRACE 88501 --- [    Test worker] org.hibernate.orm.jdbc.bind              : binding parameter (5:VARCHAR) <- [Bob]
2025-07-07T17:12:17.603+03:00 TRACE 88501 --- [    Test worker] org.hibernate.orm.jdbc.bind              : binding parameter (6:TIMESTAMP_UTC) <- [2025-07-07T14:12:17.603356Z]
2025-07-07T17:12:17.607+03:00 DEBUG 88501 --- [    Test worker] org.hibernate.SQL                        : 
    insert 
    into
        customer
        (active, age, created, email, name, updated) 
    values
        (?, ?, ?, ?, ?, ?)
2025-07-07T17:12:17.607+03:00 TRACE 88501 --- [    Test worker] org.hibernate.orm.jdbc.bind              : binding parameter (1:BOOLEAN) <- [false]
2025-07-07T17:12:17.607+03:00 TRACE 88501 --- [    Test worker] org.hibernate.orm.jdbc.bind              : binding parameter (2:INTEGER) <- [0]
2025-07-07T17:12:17.607+03:00 TRACE 88501 --- [    Test worker] org.hibernate.orm.jdbc.bind              : binding parameter (3:TIMESTAMP_UTC) <- [2025-07-07T14:12:17.606999Z]
2025-07-07T17:12:17.607+03:00 TRACE 88501 --- [    Test worker] org.hibernate.orm.jdbc.bind              : binding parameter (4:VARCHAR) <- [null]
2025-07-07T17:12:17.607+03:00 TRACE 88501 --- [    Test worker] org.hibernate.orm.jdbc.bind              : binding parameter (5:VARCHAR) <- [Charlie]
2025-07-07T17:12:17.607+03:00 TRACE 88501 --- [    Test worker] org.hibernate.orm.jdbc.bind              : binding parameter (6:TIMESTAMP_UTC) <- [2025-07-07T14:12:17.607003Z]
2025-07-07T17:12:17.610+03:00 DEBUG 88501 --- [    Test worker] org.hibernate.SQL                        : 
    select
        c1_0.id,
        c1_0.active,
        c1_0.age,
        c1_0.created,
        c1_0.email,
        c1_0.name,
        c1_0.updated 
    from
        customer c1_0
2025-07-07T17:12:17.613+03:00  INFO 88501 --- [    Test worker] o.s.test.jdbc.JdbcTestUtils              : Deleted 2 rows from table customer
2025-07-07T17:12:17.614+03:00  INFO 88501 --- [    Test worker] o.s.test.jdbc.JdbcTestUtils              : Deleted 0 rows from table booking
2025-07-07T17:12:17.615+03:00  INFO 88501 --- [    Test worker] o.s.test.jdbc.JdbcTestUtils              : Deleted 0 rows from table brand
2025-07-07T17:12:17.617+03:00 DEBUG 88501 --- [    Test worker] org.hibernate.SQL                        : 
    insert 
    into
        customer
        (active, age, created, email, name, updated) 
    values
        (?, ?, ?, ?, ?, ?)
2025-07-07T17:12:17.618+03:00 TRACE 88501 --- [    Test worker] org.hibernate.orm.jdbc.bind              : binding parameter (1:BOOLEAN) <- [false]
2025-07-07T17:12:17.618+03:00 TRACE 88501 --- [    Test worker] org.hibernate.orm.jdbc.bind              : binding parameter (2:INTEGER) <- [0]
2025-07-07T17:12:17.618+03:00 TRACE 88501 --- [    Test worker] org.hibernate.orm.jdbc.bind              : binding parameter (3:TIMESTAMP_UTC) <- [2025-07-07T14:12:17.617882Z]
2025-07-07T17:12:17.618+03:00 TRACE 88501 --- [    Test worker] org.hibernate.orm.jdbc.bind              : binding parameter (4:VARCHAR) <- [null]
2025-07-07T17:12:17.618+03:00 TRACE 88501 --- [    Test worker] org.hibernate.orm.jdbc.bind              : binding parameter (5:VARCHAR) <- [Bob]
2025-07-07T17:12:17.618+03:00 TRACE 88501 --- [    Test worker] org.hibernate.orm.jdbc.bind              : binding parameter (6:TIMESTAMP_UTC) <- [2025-07-07T14:12:17.617886Z]
2025-07-07T17:12:17.624+03:00 DEBUG 88501 --- [    Test worker] org.hibernate.SQL                        : 
    select
        c1_0.id,
        c1_0.active,
        c1_0.age,
        c1_0.created,
        c1_0.email,
        c1_0.name,
        c1_0.updated 
    from
        customer c1_0 
    where
        c1_0.id=?
2025-07-07T17:12:17.624+03:00 TRACE 88501 --- [    Test worker] org.hibernate.orm.jdbc.bind              : binding parameter (1:BIGINT) <- [13]
2025-07-07T17:12:17.628+03:00  INFO 88501 --- [    Test worker] o.s.test.jdbc.JdbcTestUtils              : Deleted 1 rows from table customer
2025-07-07T17:12:17.629+03:00  INFO 88501 --- [    Test worker] o.s.test.jdbc.JdbcTestUtils              : Deleted 0 rows from table booking
2025-07-07T17:12:17.631+03:00  INFO 88501 --- [    Test worker] o.s.test.jdbc.JdbcTestUtils              : Deleted 0 rows from table brand
2025-07-07T17:12:17.636+03:00 DEBUG 88501 --- [    Test worker] org.hibernate.SQL                        : 
    insert 
    into
        customer
        (active, age, created, email, name, updated) 
    values
        (?, ?, ?, ?, ?, ?)
2025-07-07T17:12:17.636+03:00 TRACE 88501 --- [    Test worker] org.hibernate.orm.jdbc.bind              : binding parameter (1:BOOLEAN) <- [false]
2025-07-07T17:12:17.636+03:00 TRACE 88501 --- [    Test worker] org.hibernate.orm.jdbc.bind              : binding parameter (2:INTEGER) <- [0]
2025-07-07T17:12:17.636+03:00 TRACE 88501 --- [    Test worker] org.hibernate.orm.jdbc.bind              : binding parameter (3:TIMESTAMP_UTC) <- [2025-07-07T14:12:17.636077Z]
2025-07-07T17:12:17.636+03:00 TRACE 88501 --- [    Test worker] org.hibernate.orm.jdbc.bind              : binding parameter (4:VARCHAR) <- [null]
2025-07-07T17:12:17.636+03:00 TRACE 88501 --- [    Test worker] org.hibernate.orm.jdbc.bind              : binding parameter (5:VARCHAR) <- [Charlie]
2025-07-07T17:12:17.636+03:00 TRACE 88501 --- [    Test worker] org.hibernate.orm.jdbc.bind              : binding parameter (6:TIMESTAMP_UTC) <- [2025-07-07T14:12:17.636082Z]
2025-07-07T17:12:17.641+03:00 DEBUG 88501 --- [    Test worker] org.hibernate.SQL                        : 
    select
        c1_0.id,
        c1_0.active,
        c1_0.age,
        c1_0.created,
        c1_0.email,
        c1_0.name,
        c1_0.updated 
    from
        customer c1_0 
    where
        c1_0.id=?
2025-07-07T17:12:17.641+03:00 TRACE 88501 --- [    Test worker] org.hibernate.orm.jdbc.bind              : binding parameter (1:BIGINT) <- [14]
2025-07-07T17:12:17.642+03:00 DEBUG 88501 --- [    Test worker] org.hibernate.SQL                        : 
    update
        customer 
    set
        active=?,
        age=?,
        created=?,
        email=?,
        name=?,
        updated=? 
    where
        id=?
2025-07-07T17:12:17.642+03:00 TRACE 88501 --- [    Test worker] org.hibernate.orm.jdbc.bind              : binding parameter (1:BOOLEAN) <- [false]
2025-07-07T17:12:17.642+03:00 TRACE 88501 --- [    Test worker] org.hibernate.orm.jdbc.bind              : binding parameter (2:INTEGER) <- [0]
2025-07-07T17:12:17.643+03:00 TRACE 88501 --- [    Test worker] org.hibernate.orm.jdbc.bind              : binding parameter (3:TIMESTAMP_UTC) <- [2025-07-07T14:12:17.636077Z]
2025-07-07T17:12:17.643+03:00 TRACE 88501 --- [    Test worker] org.hibernate.orm.jdbc.bind              : binding parameter (4:VARCHAR) <- [null]
2025-07-07T17:12:17.643+03:00 TRACE 88501 --- [    Test worker] org.hibernate.orm.jdbc.bind              : binding parameter (5:VARCHAR) <- [Charlie Updated]
2025-07-07T17:12:17.643+03:00 TRACE 88501 --- [    Test worker] org.hibernate.orm.jdbc.bind              : binding parameter (6:TIMESTAMP_UTC) <- [2025-07-07T14:12:17.642817Z]
2025-07-07T17:12:17.643+03:00 TRACE 88501 --- [    Test worker] org.hibernate.orm.jdbc.bind              : binding parameter (7:BIGINT) <- [14]
2025-07-07T17:12:17.645+03:00 DEBUG 88501 --- [    Test worker] org.hibernate.SQL                        : 
    select
        c1_0.id,
        c1_0.active,
        c1_0.age,
        c1_0.created,
        c1_0.email,
        c1_0.name,
        c1_0.updated 
    from
        customer c1_0 
    where
        c1_0.id=?
2025-07-07T17:12:17.645+03:00 TRACE 88501 --- [    Test worker] org.hibernate.orm.jdbc.bind              : binding parameter (1:BIGINT) <- [14]
2025-07-07T17:12:17.649+03:00  INFO 88501 --- [    Test worker] o.s.test.jdbc.JdbcTestUtils              : Deleted 1 rows from table customer
2025-07-07T17:12:17.650+03:00  INFO 88501 --- [    Test worker] o.s.test.jdbc.JdbcTestUtils              : Deleted 0 rows from table booking
2025-07-07T17:12:17.651+03:00  INFO 88501 --- [    Test worker] o.s.test.jdbc.JdbcTestUtils              : Deleted 0 rows from table brand
2025-07-07T17:12:17.653+03:00 DEBUG 88501 --- [    Test worker] org.hibernate.SQL                        : 
    insert 
    into
        customer
        (active, age, created, email, name, updated) 
    values
        (?, ?, ?, ?, ?, ?)
2025-07-07T17:12:17.653+03:00 TRACE 88501 --- [    Test worker] org.hibernate.orm.jdbc.bind              : binding parameter (1:BOOLEAN) <- [false]
2025-07-07T17:12:17.653+03:00 TRACE 88501 --- [    Test worker] org.hibernate.orm.jdbc.bind              : binding parameter (2:INTEGER) <- [0]
2025-07-07T17:12:17.653+03:00 TRACE 88501 --- [    Test worker] org.hibernate.orm.jdbc.bind              : binding parameter (3:TIMESTAMP_UTC) <- [2025-07-07T14:12:17.653723Z]
2025-07-07T17:12:17.653+03:00 TRACE 88501 --- [    Test worker] org.hibernate.orm.jdbc.bind              : binding parameter (4:VARCHAR) <- [null]
2025-07-07T17:12:17.653+03:00 TRACE 88501 --- [    Test worker] org.hibernate.orm.jdbc.bind              : binding parameter (5:VARCHAR) <- [Dave]
2025-07-07T17:12:17.653+03:00 TRACE 88501 --- [    Test worker] org.hibernate.orm.jdbc.bind              : binding parameter (6:TIMESTAMP_UTC) <- [2025-07-07T14:12:17.653727Z]
2025-07-07T17:12:17.659+03:00 DEBUG 88501 --- [    Test worker] org.hibernate.SQL                        : 
    select
        c1_0.id,
        c1_0.active,
        c1_0.age,
        c1_0.created,
        c1_0.email,
        c1_0.name,
        c1_0.updated 
    from
        customer c1_0 
    where
        c1_0.id=?
2025-07-07T17:12:17.659+03:00 TRACE 88501 --- [    Test worker] org.hibernate.orm.jdbc.bind              : binding parameter (1:BIGINT) <- [15]
2025-07-07T17:12:17.660+03:00 DEBUG 88501 --- [    Test worker] org.hibernate.SQL                        : 
    select
        b1_0.customer_id,
        b1_0.id,
        b1_0.active,
        b1_0.age,
        b1_0.brand_id,
        b1_0.created,
        b1_0.description,
        b1_0.end_date,
        b1_0.start_date,
        b1_0.title,
        b1_0.updated 
    from
        booking b1_0 
    where
        b1_0.customer_id=?
2025-07-07T17:12:17.660+03:00 TRACE 88501 --- [    Test worker] org.hibernate.orm.jdbc.bind              : binding parameter (1:BIGINT) <- [15]
2025-07-07T17:12:17.662+03:00 DEBUG 88501 --- [    Test worker] org.hibernate.SQL                        : 
    delete 
    from
        customer 
    where
        id=?
2025-07-07T17:12:17.662+03:00 TRACE 88501 --- [    Test worker] org.hibernate.orm.jdbc.bind              : binding parameter (1:BIGINT) <- [15]
2025-07-07T17:12:17.665+03:00 DEBUG 88501 --- [    Test worker] org.hibernate.SQL                        : 
    select
        count(*) 
    from
        customer c1_0 
    where
        c1_0.id=?
2025-07-07T17:12:17.665+03:00 TRACE 88501 --- [    Test worker] org.hibernate.orm.jdbc.bind              : binding parameter (1:BIGINT) <- [15]
2025-07-07T17:12:17.668+03:00 DEBUG 88501 --- [    Test worker] org.hibernate.SQL                        : 
    select
        c1_0.id,
        c1_0.active,
        c1_0.age,
        c1_0.created,
        c1_0.email,
        c1_0.name,
        c1_0.updated 
    from
        customer c1_0 
    where
        c1_0.id=?
2025-07-07T17:12:17.668+03:00 TRACE 88501 --- [    Test worker] org.hibernate.orm.jdbc.bind              : binding parameter (1:BIGINT) <- [15]
2025-07-07T17:12:17.672+03:00  INFO 88501 --- [    Test worker] o.s.test.jdbc.JdbcTestUtils              : Deleted 0 rows from table customer
2025-07-07T17:12:17.673+03:00  INFO 88501 --- [    Test worker] o.s.test.jdbc.JdbcTestUtils              : Deleted 0 rows from table booking
2025-07-07T17:12:17.675+03:00  INFO 88501 --- [    Test worker] o.s.test.jdbc.JdbcTestUtils              : Deleted 0 rows from table brand
2025-07-07T17:12:17.677+03:00 DEBUG 88501 --- [    Test worker] org.hibernate.SQL                        : 
    insert 
    into
        customer
        (active, age, created, email, name, updated) 
    values
        (?, ?, ?, ?, ?, ?)
2025-07-07T17:12:17.677+03:00 TRACE 88501 --- [    Test worker] org.hibernate.orm.jdbc.bind              : binding parameter (1:BOOLEAN) <- [true]
2025-07-07T17:12:17.677+03:00 TRACE 88501 --- [    Test worker] org.hibernate.orm.jdbc.bind              : binding parameter (2:INTEGER) <- [25]
2025-07-07T17:12:17.678+03:00 TRACE 88501 --- [    Test worker] org.hibernate.orm.jdbc.bind              : binding parameter (3:TIMESTAMP_UTC) <- [2025-07-07T14:12:17.677832Z]
2025-07-07T17:12:17.678+03:00 TRACE 88501 --- [    Test worker] org.hibernate.orm.jdbc.bind              : binding parameter (4:VARCHAR) <- [null]
2025-07-07T17:12:17.678+03:00 TRACE 88501 --- [    Test worker] org.hibernate.orm.jdbc.bind              : binding parameter (5:VARCHAR) <- [Alice]
2025-07-07T17:12:17.678+03:00 TRACE 88501 --- [    Test worker] org.hibernate.orm.jdbc.bind              : binding parameter (6:TIMESTAMP_UTC) <- [2025-07-07T14:12:17.677836Z]
2025-07-07T17:12:17.686+03:00  INFO 88501 --- [    Test worker] o.s.test.jdbc.JdbcTestUtils              : Deleted 1 rows from table customer
2025-07-07T17:12:17.688+03:00  INFO 88501 --- [    Test worker] o.s.test.jdbc.JdbcTestUtils              : Deleted 0 rows from table booking
2025-07-07T17:12:17.689+03:00  INFO 88501 --- [    Test worker] o.s.test.jdbc.JdbcTestUtils              : Deleted 0 rows from table brand
]]></system-out>
  <system-err><![CDATA[]]></system-err>
</testsuite>
