<?xml version="1.0" encoding="UTF-8"?>
<testsuite name="com.rewe.customerbookingservice.integration.controllers.BrandControllerIntegrationTest" tests="3" skipped="0" failures="0" errors="0" timestamp="2025-07-07T14:12:17.123Z" hostname="YKFJ27QFLX" time="0.12">
  <properties/>
  <testcase name="testDeleteBrand()" classname="com.rewe.customerbookingservice.integration.controllers.BrandControllerIntegrationTest" time="0.04"/>
  <testcase name="testUpdateBrand()" classname="com.rewe.customerbookingservice.integration.controllers.BrandControllerIntegrationTest" time="0.04"/>
  <testcase name="testAddBrand()" classname="com.rewe.customerbookingservice.integration.controllers.BrandControllerIntegrationTest" time="0.038"/>
  <system-out><![CDATA[2025-07-07T17:12:17.125+03:00 DEBUG 88501 --- [    Test worker] org.hibernate.SQL                        : 
    insert 
    into
        brand
        (address, created, name, short_code, updated) 
    values
        (?, ?, ?, ?, ?)
2025-07-07T17:12:17.125+03:00 TRACE 88501 --- [    Test worker] org.hibernate.orm.jdbc.bind              : binding parameter (1:VARCHAR) <- [null]
2025-07-07T17:12:17.125+03:00 TRACE 88501 --- [    Test worker] org.hibernate.orm.jdbc.bind              : binding parameter (2:TIMESTAMP_UTC) <- [2025-07-07T14:12:17.125564Z]
2025-07-07T17:12:17.125+03:00 TRACE 88501 --- [    Test worker] org.hibernate.orm.jdbc.bind              : binding parameter (3:VARCHAR) <- [Brand To Delete]
2025-07-07T17:12:17.125+03:00 TRACE 88501 --- [    Test worker] org.hibernate.orm.jdbc.bind              : binding parameter (4:VARCHAR) <- [null]
2025-07-07T17:12:17.125+03:00 TRACE 88501 --- [    Test worker] org.hibernate.orm.jdbc.bind              : binding parameter (5:TIMESTAMP_UTC) <- [2025-07-07T14:12:17.125567Z]
2025-07-07T17:12:17.135+03:00 DEBUG 88501 --- [o-auto-1-exec-9] org.hibernate.SQL                        : 
    select
        b1_0.id,
        b1_0.address,
        b1_0.created,
        b1_0.name,
        b1_0.short_code,
        b1_0.updated 
    from
        brand b1_0 
    where
        b1_0.id=?
2025-07-07T17:12:17.135+03:00 TRACE 88501 --- [o-auto-1-exec-9] org.hibernate.orm.jdbc.bind              : binding parameter (1:BIGINT) <- [9]
2025-07-07T17:12:17.141+03:00 DEBUG 88501 --- [o-auto-1-exec-9] org.hibernate.SQL                        : 
    delete 
    from
        brand 
    where
        id=?
2025-07-07T17:12:17.141+03:00 TRACE 88501 --- [o-auto-1-exec-9] org.hibernate.orm.jdbc.bind              : binding parameter (1:BIGINT) <- [9]
2025-07-07T17:12:17.143+03:00 DEBUG 88501 --- [o-auto-1-exec-9] org.hibernate.SQL                        : 
    select
        count(*) 
    from
        brand b1_0 
    where
        b1_0.id=?
2025-07-07T17:12:17.143+03:00 TRACE 88501 --- [o-auto-1-exec-9] org.hibernate.orm.jdbc.bind              : binding parameter (1:BIGINT) <- [9]
2025-07-07T17:12:17.150+03:00 DEBUG 88501 --- [    Test worker] org.hibernate.SQL                        : 
    select
        b1_0.id,
        b1_0.address,
        b1_0.created,
        b1_0.name,
        b1_0.short_code,
        b1_0.updated 
    from
        brand b1_0 
    where
        b1_0.id=?
2025-07-07T17:12:17.150+03:00 TRACE 88501 --- [    Test worker] org.hibernate.orm.jdbc.bind              : binding parameter (1:BIGINT) <- [9]
2025-07-07T17:12:17.154+03:00 DEBUG 88501 --- [    Test worker] org.hibernate.SQL                        : 
    select
        b1_0.id,
        b1_0.active,
        b1_0.age,
        b1_0.brand_id,
        b1_0.created,
        b1_0.customer_id,
        b1_0.description,
        b1_0.end_date,
        b1_0.start_date,
        b1_0.title,
        b1_0.updated 
    from
        booking b1_0
2025-07-07T17:12:17.156+03:00 DEBUG 88501 --- [    Test worker] org.hibernate.SQL                        : 
    select
        c1_0.id,
        c1_0.active,
        c1_0.age,
        c1_0.created,
        c1_0.email,
        c1_0.name,
        c1_0.updated 
    from
        customer c1_0
2025-07-07T17:12:17.159+03:00 DEBUG 88501 --- [    Test worker] org.hibernate.SQL                        : 
    select
        b1_0.id,
        b1_0.address,
        b1_0.created,
        b1_0.name,
        b1_0.short_code,
        b1_0.updated 
    from
        brand b1_0
2025-07-07T17:12:17.166+03:00 DEBUG 88501 --- [    Test worker] org.hibernate.SQL                        : 
    insert 
    into
        brand
        (address, created, name, short_code, updated) 
    values
        (?, ?, ?, ?, ?)
2025-07-07T17:12:17.166+03:00 TRACE 88501 --- [    Test worker] org.hibernate.orm.jdbc.bind              : binding parameter (1:VARCHAR) <- [null]
2025-07-07T17:12:17.166+03:00 TRACE 88501 --- [    Test worker] org.hibernate.orm.jdbc.bind              : binding parameter (2:TIMESTAMP_UTC) <- [2025-07-07T14:12:17.166329Z]
2025-07-07T17:12:17.166+03:00 TRACE 88501 --- [    Test worker] org.hibernate.orm.jdbc.bind              : binding parameter (3:VARCHAR) <- [Brand to Update]
2025-07-07T17:12:17.166+03:00 TRACE 88501 --- [    Test worker] org.hibernate.orm.jdbc.bind              : binding parameter (4:VARCHAR) <- [null]
2025-07-07T17:12:17.166+03:00 TRACE 88501 --- [    Test worker] org.hibernate.orm.jdbc.bind              : binding parameter (5:TIMESTAMP_UTC) <- [2025-07-07T14:12:17.166339Z]
2025-07-07T17:12:17.182+03:00 DEBUG 88501 --- [-auto-1-exec-10] org.hibernate.SQL                        : 
    select
        b1_0.id,
        b1_0.address,
        b1_0.created,
        b1_0.name,
        b1_0.short_code,
        b1_0.updated 
    from
        brand b1_0 
    where
        b1_0.id=?
2025-07-07T17:12:17.182+03:00 TRACE 88501 --- [-auto-1-exec-10] org.hibernate.orm.jdbc.bind              : binding parameter (1:BIGINT) <- [10]
2025-07-07T17:12:17.185+03:00 DEBUG 88501 --- [-auto-1-exec-10] org.hibernate.SQL                        : 
    update
        brand 
    set
        address=?,
        created=?,
        name=?,
        short_code=?,
        updated=? 
    where
        id=?
2025-07-07T17:12:17.185+03:00 TRACE 88501 --- [-auto-1-exec-10] org.hibernate.orm.jdbc.bind              : binding parameter (1:VARCHAR) <- [null]
2025-07-07T17:12:17.185+03:00 TRACE 88501 --- [-auto-1-exec-10] org.hibernate.orm.jdbc.bind              : binding parameter (2:TIMESTAMP_UTC) <- [2025-07-07T14:12:17.166329Z]
2025-07-07T17:12:17.185+03:00 TRACE 88501 --- [-auto-1-exec-10] org.hibernate.orm.jdbc.bind              : binding parameter (3:VARCHAR) <- [Updated Brand]
2025-07-07T17:12:17.185+03:00 TRACE 88501 --- [-auto-1-exec-10] org.hibernate.orm.jdbc.bind              : binding parameter (4:VARCHAR) <- [null]
2025-07-07T17:12:17.185+03:00 TRACE 88501 --- [-auto-1-exec-10] org.hibernate.orm.jdbc.bind              : binding parameter (5:TIMESTAMP_UTC) <- [2025-07-07T14:12:17.184907Z]
2025-07-07T17:12:17.185+03:00 TRACE 88501 --- [-auto-1-exec-10] org.hibernate.orm.jdbc.bind              : binding parameter (6:BIGINT) <- [10]
2025-07-07T17:12:17.189+03:00 DEBUG 88501 --- [    Test worker] org.hibernate.SQL                        : 
    select
        b1_0.id,
        b1_0.address,
        b1_0.created,
        b1_0.name,
        b1_0.short_code,
        b1_0.updated 
    from
        brand b1_0 
    where
        b1_0.id=?
2025-07-07T17:12:17.190+03:00 TRACE 88501 --- [    Test worker] org.hibernate.orm.jdbc.bind              : binding parameter (1:BIGINT) <- [10]
2025-07-07T17:12:17.194+03:00 DEBUG 88501 --- [    Test worker] org.hibernate.SQL                        : 
    select
        b1_0.id,
        b1_0.active,
        b1_0.age,
        b1_0.brand_id,
        b1_0.created,
        b1_0.customer_id,
        b1_0.description,
        b1_0.end_date,
        b1_0.start_date,
        b1_0.title,
        b1_0.updated 
    from
        booking b1_0
2025-07-07T17:12:17.196+03:00 DEBUG 88501 --- [    Test worker] org.hibernate.SQL                        : 
    select
        c1_0.id,
        c1_0.active,
        c1_0.age,
        c1_0.created,
        c1_0.email,
        c1_0.name,
        c1_0.updated 
    from
        customer c1_0
2025-07-07T17:12:17.199+03:00 DEBUG 88501 --- [    Test worker] org.hibernate.SQL                        : 
    select
        b1_0.id,
        b1_0.address,
        b1_0.created,
        b1_0.name,
        b1_0.short_code,
        b1_0.updated 
    from
        brand b1_0
2025-07-07T17:12:17.201+03:00 DEBUG 88501 --- [    Test worker] org.hibernate.SQL                        : 
    delete 
    from
        brand 
    where
        id=?
2025-07-07T17:12:17.201+03:00 TRACE 88501 --- [    Test worker] org.hibernate.orm.jdbc.bind              : binding parameter (1:BIGINT) <- [10]
2025-07-07T17:12:17.209+03:00 DEBUG 88501 --- [o-auto-1-exec-1] org.hibernate.SQL                        : 
    insert 
    into
        brand
        (address, created, name, short_code, updated) 
    values
        (?, ?, ?, ?, ?)
2025-07-07T17:12:17.210+03:00 TRACE 88501 --- [o-auto-1-exec-1] org.hibernate.orm.jdbc.bind              : binding parameter (1:VARCHAR) <- [null]
2025-07-07T17:12:17.210+03:00 TRACE 88501 --- [o-auto-1-exec-1] org.hibernate.orm.jdbc.bind              : binding parameter (2:TIMESTAMP_UTC) <- [2025-07-07T14:12:17.209799Z]
2025-07-07T17:12:17.210+03:00 TRACE 88501 --- [o-auto-1-exec-1] org.hibernate.orm.jdbc.bind              : binding parameter (3:VARCHAR) <- [New Brand]
2025-07-07T17:12:17.210+03:00 TRACE 88501 --- [o-auto-1-exec-1] org.hibernate.orm.jdbc.bind              : binding parameter (4:VARCHAR) <- [null]
2025-07-07T17:12:17.210+03:00 TRACE 88501 --- [o-auto-1-exec-1] org.hibernate.orm.jdbc.bind              : binding parameter (5:TIMESTAMP_UTC) <- [2025-07-07T14:12:17.209804Z]
2025-07-07T17:12:17.216+03:00 DEBUG 88501 --- [    Test worker] org.hibernate.SQL                        : 
    select
        b1_0.id,
        b1_0.address,
        b1_0.created,
        b1_0.name,
        b1_0.short_code,
        b1_0.updated 
    from
        brand b1_0 
    where
        b1_0.id=?
2025-07-07T17:12:17.216+03:00 TRACE 88501 --- [    Test worker] org.hibernate.orm.jdbc.bind              : binding parameter (1:BIGINT) <- [11]
2025-07-07T17:12:17.224+03:00 DEBUG 88501 --- [    Test worker] org.hibernate.SQL                        : 
    select
        b1_0.id,
        b1_0.active,
        b1_0.age,
        b1_0.brand_id,
        b1_0.created,
        b1_0.customer_id,
        b1_0.description,
        b1_0.end_date,
        b1_0.start_date,
        b1_0.title,
        b1_0.updated 
    from
        booking b1_0
2025-07-07T17:12:17.229+03:00 DEBUG 88501 --- [    Test worker] org.hibernate.SQL                        : 
    select
        c1_0.id,
        c1_0.active,
        c1_0.age,
        c1_0.created,
        c1_0.email,
        c1_0.name,
        c1_0.updated 
    from
        customer c1_0
2025-07-07T17:12:17.238+03:00 DEBUG 88501 --- [    Test worker] org.hibernate.SQL                        : 
    select
        b1_0.id,
        b1_0.address,
        b1_0.created,
        b1_0.name,
        b1_0.short_code,
        b1_0.updated 
    from
        brand b1_0
2025-07-07T17:12:17.240+03:00 DEBUG 88501 --- [    Test worker] org.hibernate.SQL                        : 
    delete 
    from
        brand 
    where
        id=?
2025-07-07T17:12:17.240+03:00 TRACE 88501 --- [    Test worker] org.hibernate.orm.jdbc.bind              : binding parameter (1:BIGINT) <- [11]
]]></system-out>
  <system-err><![CDATA[]]></system-err>
</testsuite>
