<?xml version="1.0" encoding="UTF-8"?>
<testsuite name="com.rewe.customerbookingservice.services.impl.CustomerServiceImplTest" tests="5" skipped="0" failures="0" errors="0" timestamp="2025-07-07T14:12:17.916Z" hostname="YKFJ27QFLX" time="0.008">
  <properties/>
  <testcase name="findAllCustomers_shouldReturnListOfCustomerDTOs()" classname="com.rewe.customerbookingservice.services.impl.CustomerServiceImplTest" time="0.002"/>
  <testcase name="deleteCustomer_shouldReturnTrue_whenCustomerIsDeleted()" classname="com.rewe.customerbookingservice.services.impl.CustomerServiceImplTest" time="0.001"/>
  <testcase name="findCustomerById_shouldReturnCustomerDTO_whenCustomerExists()" classname="com.rewe.customerbookingservice.services.impl.CustomerServiceImplTest" time="0.001"/>
  <testcase name="saveCustomer_shouldReturnSavedCustomerDTO_whenCustomerIsValid()" classname="com.rewe.customerbookingservice.services.impl.CustomerServiceImplTest" time="0.002"/>
  <testcase name="updateCustomer_shouldReturnUpdatedCustomerDTO_whenCustomerExists()" classname="com.rewe.customerbookingservice.services.impl.CustomerServiceImplTest" time="0.001"/>
  <system-out><![CDATA[]]></system-out>
  <system-err><![CDATA[]]></system-err>
</testsuite>
