<?xml version="1.0" encoding="UTF-8"?>
<testsuite name="com.rewe.customerbookingservice.controllers.CustomerControllerTest" tests="3" skipped="0" failures="0" errors="0" timestamp="2025-07-07T14:12:15.401Z" hostname="YKFJ27QFLX" time="0.004">
  <properties/>
  <testcase name="testAddCustomer()" classname="com.rewe.customerbookingservice.controllers.CustomerControllerTest" time="0.001"/>
  <testcase name="testUpdateCustomer()" classname="com.rewe.customerbookingservice.controllers.CustomerControllerTest" time="0.001"/>
  <testcase name="testDeleteCustomer()" classname="com.rewe.customerbookingservice.controllers.CustomerControllerTest" time="0.001"/>
  <system-out><![CDATA[]]></system-out>
  <system-err><![CDATA[]]></system-err>
</testsuite>
