<?xml version="1.0" encoding="UTF-8"?>
<testsuite name="com.rewe.customerbookingservice.integration.controllers.BrandControllerIntegrationTest" tests="3" skipped="0" failures="0" errors="0" timestamp="2025-07-04T16:10:36.169Z" hostname="YKFJ27QFLX" time="0.07">
  <properties/>
  <testcase name="testDeleteBrand()" classname="com.rewe.customerbookingservice.integration.controllers.BrandControllerIntegrationTest" time="0.027"/>
  <testcase name="testUpdateBrand()" classname="com.rewe.customerbookingservice.integration.controllers.BrandControllerIntegrationTest" time="0.032"/>
  <testcase name="testAddBrand()" classname="com.rewe.customerbookingservice.integration.controllers.BrandControllerIntegrationTest" time="0.009"/>
  <system-out><![CDATA[2025-07-04T19:10:36.171+03:00 DEBUG 11757 --- [    Test worker] org.hibernate.SQL                        : 
    insert 
    into
        brand
        (address, created, name, short_code, updated) 
    values
        (?, ?, ?, ?, ?)
2025-07-04T19:10:36.172+03:00 TRACE 11757 --- [    Test worker] org.hibernate.orm.jdbc.bind              : binding parameter (1:VARCHAR) <- [null]
2025-07-04T19:10:36.172+03:00 TRACE 11757 --- [    Test worker] org.hibernate.orm.jdbc.bind              : binding parameter (2:TIMESTAMP_UTC) <- [2025-07-04T16:10:36.171899Z]
2025-07-04T19:10:36.172+03:00 TRACE 11757 --- [    Test worker] org.hibernate.orm.jdbc.bind              : binding parameter (3:VARCHAR) <- [Brand To Delete]
2025-07-04T19:10:36.172+03:00 TRACE 11757 --- [    Test worker] org.hibernate.orm.jdbc.bind              : binding parameter (4:VARCHAR) <- [null]
2025-07-04T19:10:36.172+03:00 TRACE 11757 --- [    Test worker] org.hibernate.orm.jdbc.bind              : binding parameter (5:TIMESTAMP_UTC) <- [2025-07-04T16:10:36.171906Z]
2025-07-04T19:10:36.180+03:00 DEBUG 11757 --- [o-auto-1-exec-1] org.hibernate.SQL                        : 
    select
        b1_0.id,
        b1_0.address,
        b1_0.created,
        b1_0.name,
        b1_0.short_code,
        b1_0.updated 
    from
        brand b1_0 
    where
        b1_0.id=?
2025-07-04T19:10:36.180+03:00 TRACE 11757 --- [o-auto-1-exec-1] org.hibernate.orm.jdbc.bind              : binding parameter (1:BIGINT) <- [9]
2025-07-04T19:10:36.185+03:00 DEBUG 11757 --- [o-auto-1-exec-1] org.hibernate.SQL                        : 
    delete 
    from
        brand 
    where
        id=?
2025-07-04T19:10:36.185+03:00 TRACE 11757 --- [o-auto-1-exec-1] org.hibernate.orm.jdbc.bind              : binding parameter (1:BIGINT) <- [9]
2025-07-04T19:10:36.187+03:00 DEBUG 11757 --- [o-auto-1-exec-1] org.hibernate.SQL                        : 
    select
        count(*) 
    from
        brand b1_0 
    where
        b1_0.id=?
2025-07-04T19:10:36.187+03:00 TRACE 11757 --- [o-auto-1-exec-1] org.hibernate.orm.jdbc.bind              : binding parameter (1:BIGINT) <- [9]
2025-07-04T19:10:36.191+03:00 DEBUG 11757 --- [    Test worker] org.hibernate.SQL                        : 
    select
        b1_0.id,
        b1_0.address,
        b1_0.created,
        b1_0.name,
        b1_0.short_code,
        b1_0.updated 
    from
        brand b1_0 
    where
        b1_0.id=?
2025-07-04T19:10:36.191+03:00 TRACE 11757 --- [    Test worker] org.hibernate.orm.jdbc.bind              : binding parameter (1:BIGINT) <- [9]
2025-07-04T19:10:36.199+03:00 DEBUG 11757 --- [    Test worker] org.hibernate.SQL                        : 
    insert 
    into
        brand
        (address, created, name, short_code, updated) 
    values
        (?, ?, ?, ?, ?)
2025-07-04T19:10:36.199+03:00 TRACE 11757 --- [    Test worker] org.hibernate.orm.jdbc.bind              : binding parameter (1:VARCHAR) <- [null]
2025-07-04T19:10:36.199+03:00 TRACE 11757 --- [    Test worker] org.hibernate.orm.jdbc.bind              : binding parameter (2:TIMESTAMP_UTC) <- [2025-07-04T16:10:36.198968Z]
2025-07-04T19:10:36.199+03:00 TRACE 11757 --- [    Test worker] org.hibernate.orm.jdbc.bind              : binding parameter (3:VARCHAR) <- [Brand to Update]
2025-07-04T19:10:36.199+03:00 TRACE 11757 --- [    Test worker] org.hibernate.orm.jdbc.bind              : binding parameter (4:VARCHAR) <- [null]
2025-07-04T19:10:36.199+03:00 TRACE 11757 --- [    Test worker] org.hibernate.orm.jdbc.bind              : binding parameter (5:TIMESTAMP_UTC) <- [2025-07-04T16:10:36.198973Z]
2025-07-04T19:10:36.215+03:00 DEBUG 11757 --- [o-auto-1-exec-2] org.hibernate.SQL                        : 
    select
        b1_0.id,
        b1_0.address,
        b1_0.created,
        b1_0.name,
        b1_0.short_code,
        b1_0.updated 
    from
        brand b1_0 
    where
        b1_0.id=?
2025-07-04T19:10:36.215+03:00 TRACE 11757 --- [o-auto-1-exec-2] org.hibernate.orm.jdbc.bind              : binding parameter (1:BIGINT) <- [10]
2025-07-04T19:10:36.219+03:00 DEBUG 11757 --- [o-auto-1-exec-2] org.hibernate.SQL                        : 
    update
        brand 
    set
        address=?,
        created=?,
        name=?,
        short_code=?,
        updated=? 
    where
        id=?
2025-07-04T19:10:36.219+03:00 TRACE 11757 --- [o-auto-1-exec-2] org.hibernate.orm.jdbc.bind              : binding parameter (1:VARCHAR) <- [null]
2025-07-04T19:10:36.219+03:00 TRACE 11757 --- [o-auto-1-exec-2] org.hibernate.orm.jdbc.bind              : binding parameter (2:TIMESTAMP_UTC) <- [2025-07-04T16:10:36.198968Z]
2025-07-04T19:10:36.219+03:00 TRACE 11757 --- [o-auto-1-exec-2] org.hibernate.orm.jdbc.bind              : binding parameter (3:VARCHAR) <- [Updated Brand]
2025-07-04T19:10:36.219+03:00 TRACE 11757 --- [o-auto-1-exec-2] org.hibernate.orm.jdbc.bind              : binding parameter (4:VARCHAR) <- [null]
2025-07-04T19:10:36.219+03:00 TRACE 11757 --- [o-auto-1-exec-2] org.hibernate.orm.jdbc.bind              : binding parameter (5:TIMESTAMP_UTC) <- [2025-07-04T16:10:36.219315Z]
2025-07-04T19:10:36.219+03:00 TRACE 11757 --- [o-auto-1-exec-2] org.hibernate.orm.jdbc.bind              : binding parameter (6:BIGINT) <- [10]
2025-07-04T19:10:36.224+03:00 DEBUG 11757 --- [    Test worker] org.hibernate.SQL                        : 
    select
        b1_0.id,
        b1_0.address,
        b1_0.created,
        b1_0.name,
        b1_0.short_code,
        b1_0.updated 
    from
        brand b1_0 
    where
        b1_0.id=?
2025-07-04T19:10:36.224+03:00 TRACE 11757 --- [    Test worker] org.hibernate.orm.jdbc.bind              : binding parameter (1:BIGINT) <- [10]
2025-07-04T19:10:36.234+03:00 DEBUG 11757 --- [o-auto-1-exec-3] org.hibernate.SQL                        : 
    insert 
    into
        brand
        (address, created, name, short_code, updated) 
    values
        (?, ?, ?, ?, ?)
2025-07-04T19:10:36.234+03:00 TRACE 11757 --- [o-auto-1-exec-3] org.hibernate.orm.jdbc.bind              : binding parameter (1:VARCHAR) <- [null]
2025-07-04T19:10:36.234+03:00 TRACE 11757 --- [o-auto-1-exec-3] org.hibernate.orm.jdbc.bind              : binding parameter (2:TIMESTAMP_UTC) <- [2025-07-04T16:10:36.234129Z]
2025-07-04T19:10:36.234+03:00 TRACE 11757 --- [o-auto-1-exec-3] org.hibernate.orm.jdbc.bind              : binding parameter (3:VARCHAR) <- [New Brand]
2025-07-04T19:10:36.234+03:00 TRACE 11757 --- [o-auto-1-exec-3] org.hibernate.orm.jdbc.bind              : binding parameter (4:VARCHAR) <- [null]
2025-07-04T19:10:36.234+03:00 TRACE 11757 --- [o-auto-1-exec-3] org.hibernate.orm.jdbc.bind              : binding parameter (5:TIMESTAMP_UTC) <- [2025-07-04T16:10:36.234137Z]
]]></system-out>
  <system-err><![CDATA[]]></system-err>
</testsuite>
